NEWLINE
PUBLIC
SPACE
CLASS
SPACE
"hello102"
NEWLINE
OPEN_C
NEWLINE
SPACE
PUBLIC
SPACE
STATIC
SPACE
VOID
SPACE
"main"
OPEN_P
"String"
SPACE
"args"
OPEN_S
CLOSE_S
CLOSE_P
NEWLINE
SPACE
OPEN_C
NEWLINE
SPACE
INT
SPACE
"t"
SEMICOLON
NEWLINE
SPACE
FOR
OPEN_P
"t"
EQUALS
INTEGER 0
SEMICOLON
"t"
LESS
INTEGER 10
SEMICOLON
"t"
PLUSPLUS
CLOSE_P
SPACE
OPEN_C
NEWLINE
SPACE
"System"
PERIOD
"out"
PERIOD
"println"
OPEN_P
DOUBLEQ
"Hello"
SPACE
"World"
EXCLAIM
DOUBLEQ
CLOSE_P
SEMICOLON
NEWLINE
SPACE
CLOSE_C
NEWLINE
SPACE
CLOSE_C
NEWLINE
CLOSE_C
NEWLINE
